CardboardSample/build/outputs/logs/manifest-merger-debug-report.txt
-- Merging decision tree log ---
manifest
ADDED from src/main/AndroidManifest.xml:2:1-38:12
	package
		ADDED from src/main/AndroidManifest.xml:3:11-72
	android:versionName
		ADDED from src/main/AndroidManifest.xml:5:11-34
		INJECTED from src/main/AndroidManifest.xml
		INJECTED from src/main/AndroidManifest.xml
	android:versionCode
		ADDED from src/main/AndroidManifest.xml:4:11-34
		INJECTED from src/main/AndroidManifest.xml
		INJECTED from src/main/AndroidManifest.xml
	xmlns:android
		ADDED from src/main/AndroidManifest.xml:2:11-69
uses-permission#android.permission.INTERNET
ADDED from src/main/AndroidManifest.xml:7:5-67
	android:name
		ADDED from src/main/AndroidManifest.xml:7:22-64
uses-permission#android.permission.NFC
ADDED from src/main/AndroidManifest.xml:8:5-62
	android:name
		ADDED from src/main/AndroidManifest.xml:8:22-59
uses-permission#android.permission.VIBRATE
ADDED from src/main/AndroidManifest.xml:9:5-66
	android:name
		ADDED from src/main/AndroidManifest.xml:9:22-63
uses-permission#android.permission.READ_EXTERNAL_STORAGE
ADDED from src/main/AndroidManifest.xml:10:5-80
	android:name
		ADDED from src/main/AndroidManifest.xml:10:22-77
uses-permission#android.permission.WRITE_EXTERNAL_STORAGE
ADDED from src/main/AndroidManifest.xml:11:5-81
	android:name
		ADDED from src/main/AndroidManifest.xml:11:22-78
uses-feature#android.hardware.sensor.accelerometer
ADDED from src/main/AndroidManifest.xml:14:5-97
	android:required
		ADDED from src/main/AndroidManifest.xml:14:72-95
	android:name
		ADDED from src/main/AndroidManifest.xml:14:19-71
uses-feature#android.hardware.sensor.gyroscope
ADDED from src/main/AndroidManifest.xml:15:5-93
	android:required
		ADDED from src/main/AndroidManifest.xml:15:68-91
	android:name
		ADDED from src/main/AndroidManifest.xml:15:19-67
uses-sdk
ADDED from src/main/AndroidManifest.xml:17:5-73
MERGED from [com.android.support:appcompat-v7:23.1.1] AndroidManifest.xml:20:5-43
MERGED from [com.android.support:support-v4:23.1.1] AndroidManifest.xml:20:5-43
	android:targetSdkVersion
		ADDED from src/main/AndroidManifest.xml:17:42-71
		INJECTED from src/main/AndroidManifest.xml
		INJECTED from src/main/AndroidManifest.xml
	android:minSdkVersion
		ADDED from src/main/AndroidManifest.xml:17:15-41
		INJECTED from src/main/AndroidManifest.xml
		INJECTED from src/main/AndroidManifest.xml
uses-feature#0x00020000
ADDED from src/main/AndroidManifest.xml:18:5-78
	android:glEsVersion
		ADDED from src/main/AndroidManifest.xml:18:19-51
	android:required
		ADDED from src/main/AndroidManifest.xml:18:52-75
application
ADDED from src/main/AndroidManifest.xml:20:5-36:19
MERGED from [com.android.support:appcompat-v7:23.1.1] AndroidManifest.xml:22:5-20
MERGED from [com.android.support:support-v4:23.1.1] AndroidManifest.xml:22:5-20
	android:label
		ADDED from src/main/AndroidManifest.xml:23:13-45
	android:allowBackup
		ADDED from src/main/AndroidManifest.xml:21:13-39
	android:icon
		ADDED from src/main/AndroidManifest.xml:22:13-49
activity#com.google.vrtoolkit.cardboard.samples.treasurehunt.MainActivity
ADDED from src/main/AndroidManifest.xml:25:9-35:20
	android:screenOrientation
		ADDED from src/main/AndroidManifest.xml:28:17-54
	android:label
		ADDED from src/main/AndroidManifest.xml:27:17-49
	android:configChanges
		ADDED from src/main/AndroidManifest.xml:29:17-78
	android:name
		ADDED from src/main/AndroidManifest.xml:26:17-45
intent-filter#android.intent.action.MAIN+android.intent.category.LAUNCHER+com.google.intent.category.CARDBOARD
ADDED from src/main/AndroidManifest.xml:30:13-34:29
action#android.intent.action.MAIN
ADDED from src/main/AndroidManifest.xml:31:17-69
	android:name
		ADDED from src/main/AndroidManifest.xml:31:25-66
category#android.intent.category.LAUNCHER
ADDED from src/main/AndroidManifest.xml:32:17-77
	android:name
		ADDED from src/main/AndroidManifest.xml:32:27-74
category#com.google.intent.category.CARDBOARD
ADDED from src/main/AndroidManifest.xml:33:17-81
	android:name
		ADDED from src/main/AndroidManifest.xml:33:27-78